<?xml version="1.0" encoding="UTF-8"?>
<coverage generated="1506253010045" clover="3.2.0">
  <project timestamp="1506253010046" name="All files">
    <metrics statements="20" coveredstatements="20" conditionals="7" coveredconditionals="5" methods="7" coveredmethods="7" elements="34" coveredelements="32" complexity="0" loc="20" ncloc="20" packages="1" files="1" classes="1">
      <file name="processor.js" path="/Users/nskryabin/Git/redux-process/lib/processor.js">
        <metrics statements="20" coveredstatements="20" conditionals="7" coveredconditionals="5" methods="7" coveredmethods="7"/>
        <line num="1" count="1" type="stmt"/>
        <line num="2" count="3" type="stmt"/>
        <line num="3" count="3" type="stmt"/>
        <line num="5" count="3" type="stmt"/>
        <line num="6" count="6" type="stmt"/>
        <line num="7" count="6" type="stmt"/>
        <line num="8" count="1" type="cond" truecount="2" falsecount="2"/>
        <line num="9" count="1" type="stmt"/>
        <line num="11" count="6" type="stmt"/>
        <line num="14" count="3" type="cond" truecount="1" falsecount="0"/>
        <line num="15" count="6" type="cond" truecount="2" falsecount="0"/>
        <line num="16" count="2" type="stmt"/>
        <line num="19" count="4" type="stmt"/>
        <line num="22" count="3" type="stmt"/>
        <line num="23" count="3" type="stmt"/>
        <line num="24" count="6" type="stmt"/>
        <line num="25" count="6" type="stmt"/>
        <line num="26" count="1" type="stmt"/>
        <line num="28" count="6" type="stmt"/>
        <line num="32" count="3" type="stmt"/>
      </file>
    </metrics>
  </project>
</coverage>
