{"/Users/nskryabin/Git/redux-process/lib/processor.js": {"path":"/Users/nskryabin/Git/redux-process/lib/processor.js"statementMap":{"0":{"start":{"line":1,"column":0},"end":{"line":36,"column":2}},"1":{"start":{"line":2,"column":18},"end":{"line":2,"column":20}},"2":{"start":{"line":3,"column":19},"end":{"line":3,"column":21}},"3":{"start":{"line":5,"column":2},"end":{"line":12,"column":5}},"4":{"start":{"line":6,"column":36},"end":{"line":6,"column":46}},"5":{"start":{"line":7,"column":4},"end":{"line":10,"column":6}},"6":{"start":{"line":8,"column":22},"end":{"line":8,"column":81}},"7":{"start":{"line":9,"column":6},"end":{"line":9,"column":30}},"8":{"start":{"line":11,"column":4},"end":{"line":11,"column":29}},"9":{"start":{"line":14,"column":18},"end":{"line":20,"column":3}},"10":{"start":{"line":15,"column":4},"end":{"line":17,"column":5}},"11":{"start":{"line":16,"column":6},"end":{"line":16,"column":57}},"12":{"start":{"line":19,"column":4},"end":{"line":19,"column":16}},"13":{"start":{"line":22,"column":15},"end":{"line":30,"column":3}},"14":{"start":{"line":23,"column":4},"end":{"line":29,"column":10}},"15":{"start":{"line":24,"column":21},"end":{"line":24,"column":33}},"16":{"start":{"line":25,"column":6},"end":{"line":27,"column":7}},"17":{"start":{"line":26,"column":8},"end":{"line":26,"column":47}},"18":{"start":{"line":28,"column":6},"end":{"line":28,"column":27}},"19":{"start":{"line":32,"column":2},"end":{"line":35,"column":4}}},"fnMap":{"0":{"name":"(anonymous_0)","decl":{"start":{"line":1,"column":17},"end":{"line":1,"column":18}},"loc":{"start":{"line":1,"column":46},"end":{"line":36,"column":1}},"line":1},"1":{"name":"(anonymous_1)","decl":{"start":{"line":5,"column":29},"end":{"line":5,"column":30}},"loc":{"start":{"line":5,"column":36},"end":{"line":12,"column":3}},"line":5},"2":{"name":"(anonymous_2)","decl":{"start":{"line":7,"column":19},"end":{"line":7,"column":20}},"loc":{"start":{"line":7,"column":36},"end":{"line":10,"column":5}},"line":7},"3":{"name":"(anonymous_3)","decl":{"start":{"line":14,"column":18},"end":{"line":14,"column":19}},"loc":{"start":{"line":14,"column":56},"end":{"line":20,"column":3}},"line":14},"4":{"name":"(anonymous_4)","decl":{"start":{"line":22,"column":15},"end":{"line":22,"column":16}},"loc":{"start":{"line":22,"column":30},"end":{"line":30,"column":3}},"line":22},"5":{"name":"(anonymous_5)","decl":{"start":{"line":23,"column":39},"end":{"line":23,"column":40}},"loc":{"start":{"line":23,"column":68},"end":{"line":29,"column":5}},"line":23},"6":{"name":"(anonymous_6)","decl":{"start":{"line":25,"column":28},"end":{"line":25,"column":29}},"loc":{"start":{"line":25,"column":45},"end":{"line":27,"column":7}},"line":25}},"branchMap":{"0":{"loc":{"start":{"line":8,"column":22},"end":{"line":8,"column":81}},"type":"cond-expr","locations":[{"start":{"line":8,"column":31},"end":{"line":8,"column":46}},{"start":{"line":8,"column":49},"end":{"line":8,"column":81}}],"line":8},"1":{"loc":{"start":{"line":8,"column":49},"end":{"line":8,"column":81}},"type":"cond-expr","locations":[{"start":{"line":8,"column":67},"end":{"line":8,"column":71}},{"start":{"line":8,"column":74},"end":{"line":8,"column":81}}],"line":8},"2":{"loc":{"start":{"line":14,"column":27},"end":{"line":14,"column":47}},"type":"default-arg","locations":[{"start":{"line":14,"column":35},"end":{"line":14,"column":47}}],"line":14},"3":{"loc":{"start":{"line":15,"column":4},"end":{"line":17,"column":5}},"type":"if","locations":[{"start":{"line":15,"column":4},"end":{"line":17,"column":5}},{"start":{"line":15,"column":4},"end":{"line":17,"column":5}}],"line":15}},"s":{"0":1,"1":3,"2":3,"3":3,"4":6,"5":6,"6":1,"7":1,"8":6,"9":3,"10":6,"11":2,"12":4,"13":3,"14":3,"15":6,"16":6,"17":1,"18":6,"19":3},"f":{"0":3,"1":6,"2":1,"3":6,"4":3,"5":6,"6":1},"b":{"0":[0,1],"1":[0,1],"2":[3],"3":[2,4]},"_coverageSchema":"332fd63041d2c1bcb487cc26dd0d5f7d97098a6c","hash":"8363e795b030852302f330b790575ded07d760c3"}
}
