TN:
SF:/Users/nskryabin/Git/redux-process/lib/processor.js
FN:1,(anonymous_0)
FN:5,(anonymous_1)
FN:7,(anonymous_2)
FN:14,(anonymous_3)
FN:22,(anonymous_4)
FN:23,(anonymous_5)
FN:25,(anonymous_6)
FNF:7
FNH:7
FNDA:3,(anonymous_0)
FNDA:6,(anonymous_1)
FNDA:1,(anonymous_2)
FNDA:6,(anonymous_3)
FNDA:3,(anonymous_4)
FNDA:6,(anonymous_5)
FNDA:1,(anonymous_6)
DA:1,1
DA:2,3
DA:3,3
DA:5,3
DA:6,6
DA:7,6
DA:8,1
DA:9,1
DA:11,6
DA:14,3
DA:15,6
DA:16,2
DA:19,4
DA:22,3
DA:23,3
DA:24,6
DA:25,6
DA:26,1
DA:28,6
DA:32,3
LF:20
LH:20
BRDA:8,0,0,0
BRDA:8,0,1,1
BRDA:8,1,0,0
BRDA:8,1,1,1
BRDA:14,2,0,3
BRDA:15,3,0,2
BRDA:15,3,1,4
BRF:7
BRH:5
end_of_record
